mode: count
github.com/tendermint/tendermint/state/validation.go:15.67,17.42 1 10
github.com/tendermint/tendermint/state/validation.go:22.2,22.28 1 9
github.com/tendermint/tendermint/state/validation.go:25.2,25.37 1 8
github.com/tendermint/tendermint/state/validation.go:37.2,37.42 1 8
github.com/tendermint/tendermint/state/validation.go:40.2,41.45 2 7
github.com/tendermint/tendermint/state/validation.go:46.2,46.40 1 6
github.com/tendermint/tendermint/state/validation.go:49.2,49.61 1 5
github.com/tendermint/tendermint/state/validation.go:52.2,52.56 1 4
github.com/tendermint/tendermint/state/validation.go:55.2,55.57 1 3
github.com/tendermint/tendermint/state/validation.go:60.2,60.19 1 2
github.com/tendermint/tendermint/state/validation.go:76.2,76.41 1 2
github.com/tendermint/tendermint/state/validation.go:82.2,82.12 1 2
github.com/tendermint/tendermint/state/validation.go:17.42,19.3 1 1
github.com/tendermint/tendermint/state/validation.go:22.28,24.3 1 1
github.com/tendermint/tendermint/state/validation.go:25.37,27.3 1 0
github.com/tendermint/tendermint/state/validation.go:37.42,39.3 1 1
github.com/tendermint/tendermint/state/validation.go:41.45,43.3 1 1
github.com/tendermint/tendermint/state/validation.go:46.40,48.3 1 1
github.com/tendermint/tendermint/state/validation.go:49.61,51.3 1 1
github.com/tendermint/tendermint/state/validation.go:52.56,54.3 1 1
github.com/tendermint/tendermint/state/validation.go:55.57,57.3 1 1
github.com/tendermint/tendermint/state/validation.go:60.19,61.40 1 2
github.com/tendermint/tendermint/state/validation.go:61.40,63.4 1 0
github.com/tendermint/tendermint/state/validation.go:64.8,65.62 1 0
github.com/tendermint/tendermint/state/validation.go:69.3,71.17 2 0
github.com/tendermint/tendermint/state/validation.go:65.62,68.4 1 0
github.com/tendermint/tendermint/state/validation.go:71.17,73.4 1 0
github.com/tendermint/tendermint/state/validation.go:76.41,77.56 1 0
github.com/tendermint/tendermint/state/validation.go:77.56,79.4 1 0
github.com/tendermint/tendermint/state/validation.go:90.77,95.26 4 0
github.com/tendermint/tendermint/state/validation.go:100.2,100.51 1 0
github.com/tendermint/tendermint/state/validation.go:104.2,105.16 2 0
github.com/tendermint/tendermint/state/validation.go:112.2,115.16 4 0
github.com/tendermint/tendermint/state/validation.go:121.2,121.12 1 0
github.com/tendermint/tendermint/state/validation.go:95.26,98.3 1 0
github.com/tendermint/tendermint/state/validation.go:100.51,102.3 1 0
github.com/tendermint/tendermint/state/validation.go:105.16,109.3 1 0
github.com/tendermint/tendermint/state/validation.go:115.16,117.3 1 0
github.com/tendermint/tendermint/state/validation.go:117.8,117.26 1 0
github.com/tendermint/tendermint/state/validation.go:117.26,119.3 1 0
github.com/tendermint/tendermint/state/account.go:35.43,37.2 1 9
github.com/tendermint/tendermint/state/account.go:46.45,50.20 4 3
github.com/tendermint/tendermint/state/account.go:55.5,58.48 3 3
github.com/tendermint/tendermint/state/account.go:62.5,62.46 1 3
github.com/tendermint/tendermint/state/account.go:67.5,67.23 1 3
github.com/tendermint/tendermint/state/account.go:74.5,74.16 1 2
github.com/tendermint/tendermint/state/account.go:50.20,53.6 2 0
github.com/tendermint/tendermint/state/account.go:58.48,61.6 2 0
github.com/tendermint/tendermint/state/account.go:62.46,65.6 2 0
github.com/tendermint/tendermint/state/account.go:67.23,69.33 2 2
github.com/tendermint/tendermint/state/account.go:69.33,72.10 2 1
github.com/tendermint/tendermint/state/account.go:79.39,81.34 1 6
github.com/tendermint/tendermint/state/account.go:87.5,88.34 2 6
github.com/tendermint/tendermint/state/account.go:94.5,94.61 1 6
github.com/tendermint/tendermint/state/account.go:81.34,85.6 3 1
github.com/tendermint/tendermint/state/account.go:88.34,91.6 2 1
github.com/tendermint/tendermint/state/account.go:91.11,93.6 1 5
github.com/tendermint/tendermint/state/account.go:108.46,111.2 2 2
github.com/tendermint/tendermint/state/account.go:114.49,117.2 2 5
github.com/tendermint/tendermint/state/account.go:120.35,122.2 1 8
github.com/tendermint/tendermint/state/account.go:125.40,128.2 1 7
github.com/tendermint/tendermint/state/account.go:131.37,134.19 3 9
github.com/tendermint/tendermint/state/account.go:138.5,142.19 5 9
github.com/tendermint/tendermint/state/account.go:146.5,148.22 2 9
github.com/tendermint/tendermint/state/account.go:134.19,137.6 2 0
github.com/tendermint/tendermint/state/account.go:142.19,145.6 2 0
github.com/tendermint/tendermint/state/account.go:152.40,155.2 2 4
github.com/tendermint/tendermint/state/account.go:157.34,159.2 1 7
github.com/tendermint/tendermint/state/errors.go:50.41,52.2 1 0
github.com/tendermint/tendermint/state/errors.go:54.46,56.2 1 0
github.com/tendermint/tendermint/state/errors.go:58.50,60.2 1 0
github.com/tendermint/tendermint/state/errors.go:61.46,63.2 1 0
github.com/tendermint/tendermint/state/errors.go:65.42,67.2 1 0
github.com/tendermint/tendermint/state/errors.go:69.46,71.2 1 0
github.com/tendermint/tendermint/state/errors.go:73.55,75.2 1 0
github.com/tendermint/tendermint/state/errors.go:77.53,79.2 1 0
github.com/tendermint/tendermint/state/execution.go:49.67,67.2 3 2
github.com/tendermint/tendermint/state/execution.go:71.81,73.2 1 0
github.com/tendermint/tendermint/state/execution.go:79.82,81.2 1 10
github.com/tendermint/tendermint/state/execution.go:88.111,90.58 1 1
github.com/tendermint/tendermint/state/execution.go:94.2,95.16 2 1
github.com/tendermint/tendermint/state/execution.go:99.2,108.16 5 1
github.com/tendermint/tendermint/state/execution.go:113.2,114.16 2 1
github.com/tendermint/tendermint/state/execution.go:118.2,135.15 7 1
github.com/tendermint/tendermint/state/execution.go:90.58,92.3 1 0
github.com/tendermint/tendermint/state/execution.go:95.16,97.3 1 0
github.com/tendermint/tendermint/state/execution.go:108.16,110.3 1 0
github.com/tendermint/tendermint/state/execution.go:114.16,116.3 1 0
github.com/tendermint/tendermint/state/execution.go:142.76,149.16 4 1
github.com/tendermint/tendermint/state/execution.go:155.2,156.16 2 1
github.com/tendermint/tendermint/state/execution.go:162.2,168.74 2 1
github.com/tendermint/tendermint/state/execution.go:172.2,172.22 1 1
github.com/tendermint/tendermint/state/execution.go:149.16,152.3 2 0
github.com/tendermint/tendermint/state/execution.go:156.16,159.3 2 0
github.com/tendermint/tendermint/state/execution.go:168.74,170.3 1 0
github.com/tendermint/tendermint/state/execution.go:180.126,187.57 4 7
github.com/tendermint/tendermint/state/execution.go:204.2,208.54 3 7
github.com/tendermint/tendermint/state/execution.go:215.2,216.45 2 7
github.com/tendermint/tendermint/state/execution.go:224.2,230.16 2 7
github.com/tendermint/tendermint/state/execution.go:236.2,236.31 1 7
github.com/tendermint/tendermint/state/execution.go:256.2,257.16 2 7
github.com/tendermint/tendermint/state/execution.go:262.2,265.25 3 7
github.com/tendermint/tendermint/state/execution.go:269.2,269.27 1 7
github.com/tendermint/tendermint/state/execution.go:187.57,188.32 1 70
github.com/tendermint/tendermint/state/execution.go:189.33,194.37 2 70
github.com/tendermint/tendermint/state/execution.go:200.4,201.13 2 70
github.com/tendermint/tendermint/state/execution.go:194.37,196.5 1 70
github.com/tendermint/tendermint/state/execution.go:196.10,199.5 2 0
github.com/tendermint/tendermint/state/execution.go:208.54,209.18 1 6
github.com/tendermint/tendermint/state/execution.go:209.18,211.4 1 3
github.com/tendermint/tendermint/state/execution.go:216.45,221.3 1 3
github.com/tendermint/tendermint/state/execution.go:230.16,233.3 2 0
github.com/tendermint/tendermint/state/execution.go:236.31,238.46 2 70
github.com/tendermint/tendermint/state/execution.go:238.46,240.4 1 0
github.com/tendermint/tendermint/state/execution.go:257.16,260.3 2 0
github.com/tendermint/tendermint/state/execution.go:265.25,267.3 1 0
github.com/tendermint/tendermint/state/execution.go:275.87,276.28 1 10
github.com/tendermint/tendermint/state/execution.go:311.2,311.12 1 10
github.com/tendermint/tendermint/state/execution.go:276.28,278.17 2 11
github.com/tendermint/tendermint/state/execution.go:282.3,285.16 3 11
github.com/tendermint/tendermint/state/execution.go:289.3,290.17 2 11
github.com/tendermint/tendermint/state/execution.go:278.17,280.4 1 0
github.com/tendermint/tendermint/state/execution.go:285.16,287.4 1 0
github.com/tendermint/tendermint/state/execution.go:290.17,293.14 2 1
github.com/tendermint/tendermint/state/execution.go:293.14,295.5 1 0
github.com/tendermint/tendermint/state/execution.go:296.9,296.26 1 10
github.com/tendermint/tendermint/state/execution.go:296.26,299.16 2 1
github.com/tendermint/tendermint/state/execution.go:299.16,301.5 1 0
github.com/tendermint/tendermint/state/execution.go:302.9,306.16 3 9
github.com/tendermint/tendermint/state/execution.go:306.16,308.5 1 0
github.com/tendermint/tendermint/state/execution.go:316.47,325.54 4 50
github.com/tendermint/tendermint/state/execution.go:335.2,340.57 4 50
github.com/tendermint/tendermint/state/execution.go:353.2,366.8 1 50
github.com/tendermint/tendermint/state/execution.go:325.54,327.17 2 10
github.com/tendermint/tendermint/state/execution.go:331.3,331.44 1 10
github.com/tendermint/tendermint/state/execution.go:327.17,329.4 1 0
github.com/tendermint/tendermint/state/execution.go:340.57,344.17 3 24
github.com/tendermint/tendermint/state/execution.go:348.3,348.46 1 24
github.com/tendermint/tendermint/state/execution.go:344.17,346.4 1 0
github.com/tendermint/tendermint/state/execution.go:372.122,375.36 2 1
github.com/tendermint/tendermint/state/execution.go:384.2,387.16 4 1
github.com/tendermint/tendermint/state/execution.go:375.36,382.3 1 10
github.com/tendermint/tendermint/state/execution.go:387.16,389.3 1 0
github.com/tendermint/tendermint/state/execution.go:397.118,399.16 2 6
github.com/tendermint/tendermint/state/execution.go:404.2,405.16 2 6
github.com/tendermint/tendermint/state/execution.go:410.2,410.22 1 6
github.com/tendermint/tendermint/state/execution.go:399.16,402.3 2 0
github.com/tendermint/tendermint/state/execution.go:405.16,408.3 2 0
github.com/tendermint/tendermint/state/state.go:60.29,80.2 1 1
github.com/tendermint/tendermint/state/state.go:83.38,85.2 1 3
github.com/tendermint/tendermint/state/state.go:88.31,90.2 1 17
github.com/tendermint/tendermint/state/state.go:93.31,95.2 1 8
github.com/tendermint/tendermint/state/state.go:98.88,100.2 1 0
github.com/tendermint/tendermint/state/state.go:106.109,120.2 9 66
github.com/tendermint/tendermint/state/state.go:129.65,131.16 2 8
github.com/tendermint/tendermint/state/state.go:134.2,134.33 1 8
github.com/tendermint/tendermint/state/state.go:131.16,133.3 1 0
github.com/tendermint/tendermint/state/state.go:138.75,140.16 2 8
github.com/tendermint/tendermint/state/state.go:143.2,144.16 2 8
github.com/tendermint/tendermint/state/state.go:147.2,147.20 1 8
github.com/tendermint/tendermint/state/state.go:140.16,142.3 1 0
github.com/tendermint/tendermint/state/state.go:144.16,146.3 1 0
github.com/tendermint/tendermint/state/state.go:151.64,153.16 2 12
github.com/tendermint/tendermint/state/state.go:158.2,159.40 2 12
github.com/tendermint/tendermint/state/state.go:171.2,187.8 1 12
github.com/tendermint/tendermint/state/state.go:153.16,155.3 1 0
github.com/tendermint/tendermint/state/state.go:159.40,169.3 3 12
github.com/tendermint/tendermint/state/store.go:16.45,18.2 1 86
github.com/tendermint/tendermint/state/store.go:20.50,22.2 1 60
github.com/tendermint/tendermint/state/store.go:24.48,26.2 1 15
github.com/tendermint/tendermint/state/store.go:31.90,33.21 2 8
github.com/tendermint/tendermint/state/store.go:42.2,42.19 1 8
github.com/tendermint/tendermint/state/store.go:33.21,36.17 3 8
github.com/tendermint/tendermint/state/store.go:39.3,39.28 1 8
github.com/tendermint/tendermint/state/store.go:36.17,38.4 1 0
github.com/tendermint/tendermint/state/store.go:48.95,50.21 2 0
github.com/tendermint/tendermint/state/store.go:59.2,59.19 1 0
github.com/tendermint/tendermint/state/store.go:50.21,53.17 3 0
github.com/tendermint/tendermint/state/store.go:56.3,56.28 1 0
github.com/tendermint/tendermint/state/store.go:53.17,55.4 1 0
github.com/tendermint/tendermint/state/store.go:63.33,65.2 1 9
github.com/tendermint/tendermint/state/store.go:67.53,69.19 2 9
github.com/tendermint/tendermint/state/store.go:73.2,75.17 3 1
github.com/tendermint/tendermint/state/store.go:82.2,82.14 1 1
github.com/tendermint/tendermint/state/store.go:69.19,71.3 1 8
github.com/tendermint/tendermint/state/store.go:75.17,79.3 1 0
github.com/tendermint/tendermint/state/store.go:86.36,88.2 1 11
github.com/tendermint/tendermint/state/store.go:90.48,95.2 4 11
github.com/tendermint/tendermint/state/store.go:108.58,112.2 1 8
github.com/tendermint/tendermint/state/store.go:115.40,117.2 1 6
github.com/tendermint/tendermint/state/store.go:119.46,122.2 2 54
github.com/tendermint/tendermint/state/store.go:127.73,129.19 2 9
github.com/tendermint/tendermint/state/store.go:133.2,136.17 4 5
github.com/tendermint/tendermint/state/store.go:143.2,143.27 1 5
github.com/tendermint/tendermint/state/store.go:129.19,131.3 1 4
github.com/tendermint/tendermint/state/store.go:136.17,140.3 1 0
github.com/tendermint/tendermint/state/store.go:149.79,151.2 1 6
github.com/tendermint/tendermint/state/store.go:162.47,164.2 1 38
github.com/tendermint/tendermint/state/store.go:168.75,170.20 2 31
github.com/tendermint/tendermint/state/store.go:174.2,174.33 1 29
github.com/tendermint/tendermint/state/store.go:182.2,182.34 1 29
github.com/tendermint/tendermint/state/store.go:170.20,172.3 1 2
github.com/tendermint/tendermint/state/store.go:174.33,176.21 2 17
github.com/tendermint/tendermint/state/store.go:176.21,179.4 1 0
github.com/tendermint/tendermint/state/store.go:185.66,187.19 2 48
github.com/tendermint/tendermint/state/store.go:191.2,194.17 4 46
github.com/tendermint/tendermint/state/store.go:201.2,201.10 1 46
github.com/tendermint/tendermint/state/store.go:187.19,189.3 1 2
github.com/tendermint/tendermint/state/store.go:194.17,198.3 1 0
github.com/tendermint/tendermint/state/store.go:208.96,212.32 2 38
github.com/tendermint/tendermint/state/store.go:215.2,215.60 1 38
github.com/tendermint/tendermint/state/store.go:212.32,214.3 1 19
github.com/tendermint/tendermint/state/store.go:227.50,229.2 1 35
github.com/tendermint/tendermint/state/store.go:232.82,236.23 3 25
github.com/tendermint/tendermint/state/store.go:240.2,240.41 1 25
github.com/tendermint/tendermint/state/store.go:248.2,248.40 1 25
github.com/tendermint/tendermint/state/store.go:236.23,238.3 1 0
github.com/tendermint/tendermint/state/store.go:240.41,242.24 2 0
github.com/tendermint/tendermint/state/store.go:242.24,245.4 1 0
github.com/tendermint/tendermint/state/store.go:251.76,253.19 2 25
github.com/tendermint/tendermint/state/store.go:257.2,260.17 4 25
github.com/tendermint/tendermint/state/store.go:267.2,267.19 1 25
github.com/tendermint/tendermint/state/store.go:253.19,255.3 1 0
github.com/tendermint/tendermint/state/store.go:260.17,264.3 1 0
github.com/tendermint/tendermint/state/store.go:274.103,278.32 2 35
github.com/tendermint/tendermint/state/store.go:281.2,281.68 1 35
github.com/tendermint/tendermint/state/store.go:278.32,280.3 1 33
